<?xml version="1.0" encoding="UTF-8"?>
<testsuite xmlns:xsi="http://www.w3.org/2001/XMLSchema-instance" xsi:noNamespaceSchemaLocation="https://maven.apache.org/surefire/maven-surefire-plugin/xsd/surefire-test-report-3.0.xsd" version="3.0" name="praktikum.BurgerParameterizedTest" time="1.627" tests="6" errors="0" skipped="0" failures="0">
  <properties>
[...]
</properties>
  <testcase name="testGetReceiptWithDifferentIngredients[Тестовые данные: ingredientCount=0, expectedPrice=600]" classname="praktikum.BurgerParameterizedTest" time="1.489"/>
  <testcase name="testGetPriceWithDifferentIngredients[Тестовые данные: ingredientCount=0, expectedPrice=600]" classname="praktikum.BurgerParameterizedTest" time="0.005"/>
  <testcase name="testGetReceiptWithDifferentIngredients[Тестовые данные: ingredientCount=1, expectedPrice=800]" classname="praktikum.BurgerParameterizedTest" time="0.007"/>
  <testcase name="testGetPriceWithDifferentIngredients[Тестовые данные: ingredientCount=1, expectedPrice=800]" classname="praktikum.BurgerParameterizedTest" time="0.007"/>
  <testcase name="testGetReceiptWithDifferentIngredients[Тестовые данные: ingredientCount=3, expectedPrice=1 200]" classname="praktikum.BurgerParameterizedTest" time="0.006"/>
  <testcase name="testGetPriceWithDifferentIngredients[Тестовые данные: ingredientCount=3, expectedPrice=1 200]" classname="praktikum.BurgerParameterizedTest" time="0.006"/>
</testsuite>